2022-08-04T08:20:05+00:00 DEBUG POST https://api.paypal.com/v1/oauth2/token?grant_type=client_credentials
Response Debug ID: d921508e09481
Response: Array
(
    [code] => 401
    [message] => Unauthorized
)

Response Body: {"error":"invalid_client","error_description":"Client Authentication failed"}

2022-08-04T08:20:05+00:00 WARNING Could not create token.
2022-08-04T08:20:06+00:00 DEBUG POST https://api.paypal.com/v1/oauth2/token?grant_type=client_credentials
Response Debug ID: 9b1ae3d08bfc9
Response: Array
(
    [code] => 401
    [message] => Unauthorized
)

Response Body: {"error":"invalid_client","error_description":"Client Authentication failed"}

2022-08-04T08:20:06+00:00 WARNING Could not create token.
2022-08-04T08:20:06+00:00 DEBUG POST https://api.paypal.com/v1/oauth2/token?grant_type=client_credentials
Response Debug ID: 3060d46831fba
Response: Array
(
    [code] => 401
    [message] => Unauthorized
)

Response Body: {"error":"invalid_client","error_description":"Client Authentication failed"}

2022-08-04T08:20:06+00:00 WARNING Could not create token.
2022-08-04T08:20:07+00:00 DEBUG POST https://api.paypal.com/v1/oauth2/token?grant_type=client_credentials
Response Debug ID: 122ec097314a7
Response: Array
(
    [code] => 401
    [message] => Unauthorized
)

Response Body: {"error":"invalid_client","error_description":"Client Authentication failed"}

2022-08-04T08:20:07+00:00 WARNING Could not create token.
