2022-07-25T21:02:36+00:00 DEBUG POST https://api.paypal.com/v1/oauth2/token?grant_type=client_credentials
Response Debug ID: eca3ad6539d5
Response: Array
(
    [code] => 401
    [message] => Unauthorized
)

Response Body: {"error":"invalid_client","error_description":"Client Authentication failed"}

2022-07-25T21:02:36+00:00 WARNING Could not create token.
2022-07-25T21:02:36+00:00 DEBUG POST https://api.paypal.com/v1/oauth2/token?grant_type=client_credentials
Response Debug ID: ffb54462947e5
Response: Array
(
    [code] => 401
    [message] => Unauthorized
)

Response Body: {"error":"invalid_client","error_description":"Client Authentication failed"}

2022-07-25T21:02:36+00:00 WARNING Could not create token.
2022-07-25T21:02:37+00:00 DEBUG POST https://api.paypal.com/v1/oauth2/token?grant_type=client_credentials
Response Debug ID: ad2842752b965
Response: Array
(
    [code] => 401
    [message] => Unauthorized
)

Response Body: {"error":"invalid_client","error_description":"Client Authentication failed"}

2022-07-25T21:02:37+00:00 WARNING Could not create token.
2022-07-25T21:02:37+00:00 DEBUG POST https://api.paypal.com/v1/oauth2/token?grant_type=client_credentials
Response Debug ID: d80bfbb9928ba
Response: Array
(
    [code] => 401
    [message] => Unauthorized
)

Response Body: {"error":"invalid_client","error_description":"Client Authentication failed"}

2022-07-25T21:02:37+00:00 WARNING Could not create token.
