2022-08-09T03:40:08+00:00 DEBUG POST https://api.paypal.com/v1/oauth2/token?grant_type=client_credentials
Response Debug ID: 3aead3d66314e
Response: Array
(
    [code] => 401
    [message] => Unauthorized
)

Response Body: {"error":"invalid_client","error_description":"Client Authentication failed"}

2022-08-09T03:40:08+00:00 WARNING Could not create token.
2022-08-09T03:40:09+00:00 DEBUG POST https://api.paypal.com/v1/oauth2/token?grant_type=client_credentials
Response Debug ID: db13815394d70
Response: Array
(
    [code] => 401
    [message] => Unauthorized
)

Response Body: {"error":"invalid_client","error_description":"Client Authentication failed"}

2022-08-09T03:40:09+00:00 WARNING Could not create token.
2022-08-09T03:40:10+00:00 DEBUG POST https://api.paypal.com/v1/oauth2/token?grant_type=client_credentials
Response Debug ID: 402b331bbb339
Response: Array
(
    [code] => 401
    [message] => Unauthorized
)

Response Body: {"error":"invalid_client","error_description":"Client Authentication failed"}

2022-08-09T03:40:10+00:00 WARNING Could not create token.
2022-08-09T03:40:11+00:00 DEBUG POST https://api.paypal.com/v1/oauth2/token?grant_type=client_credentials
Response Debug ID: 9b6780addd667
Response: Array
(
    [code] => 401
    [message] => Unauthorized
)

Response Body: {"error":"invalid_client","error_description":"Client Authentication failed"}

2022-08-09T03:40:11+00:00 WARNING Could not create token.
2022-08-09T03:40:11+00:00 DEBUG POST https://api.paypal.com/v1/oauth2/token?grant_type=client_credentials
Response Debug ID: 2991e47f77aea
Response: Array
(
    [code] => 401
    [message] => Unauthorized
)

Response Body: {"error":"invalid_client","error_description":"Client Authentication failed"}

2022-08-09T03:40:11+00:00 WARNING Could not create token.
2022-08-09T03:40:12+00:00 DEBUG POST https://api.paypal.com/v1/oauth2/token?grant_type=client_credentials
Response Debug ID: ad0a86e28cfbb
Response: Array
(
    [code] => 401
    [message] => Unauthorized
)

Response Body: {"error":"invalid_client","error_description":"Client Authentication failed"}

2022-08-09T03:40:12+00:00 WARNING Could not create token.
2022-08-09T10:43:17+00:00 DEBUG POST https://api.paypal.com/v1/oauth2/token?grant_type=client_credentials
Response Debug ID: f5c2352f30b04
Response: Array
(
    [code] => 401
    [message] => Unauthorized
)

Response Body: {"error":"invalid_client","error_description":"Client Authentication failed"}

2022-08-09T10:43:17+00:00 WARNING Could not create token.
2022-08-09T10:43:17+00:00 DEBUG POST https://api.paypal.com/v1/oauth2/token?grant_type=client_credentials
Response Debug ID: 172d6b6ff7d1b
Response: Array
(
    [code] => 401
    [message] => Unauthorized
)

Response Body: {"error":"invalid_client","error_description":"Client Authentication failed"}

2022-08-09T10:43:17+00:00 WARNING Could not create token.
2022-08-09T10:43:22+00:00 DEBUG POST https://api.paypal.com/v1/oauth2/token?grant_type=client_credentials
Response Debug ID: f094f809f79cf
Response: Array
(
    [code] => 401
    [message] => Unauthorized
)

Response Body: {"error":"invalid_client","error_description":"Client Authentication failed"}

2022-08-09T10:43:22+00:00 WARNING Could not create token.
2022-08-09T10:43:23+00:00 DEBUG POST https://api.paypal.com/v1/oauth2/token?grant_type=client_credentials
Response Debug ID: e73e823b420b6
Response: Array
(
    [code] => 401
    [message] => Unauthorized
)

Response Body: {"error":"invalid_client","error_description":"Client Authentication failed"}

2022-08-09T10:43:23+00:00 WARNING Could not create token.
