2022-08-06T04:24:32+00:00 DEBUG POST https://api.paypal.com/v1/oauth2/token?grant_type=client_credentials
Response Debug ID: c7ea8964de2ec
Response: Array
(
    [code] => 401
    [message] => Unauthorized
)

Response Body: {"error":"invalid_client","error_description":"Client Authentication failed"}

2022-08-06T04:24:32+00:00 WARNING Could not create token.
2022-08-06T04:24:32+00:00 DEBUG POST https://api.paypal.com/v1/oauth2/token?grant_type=client_credentials
Response Debug ID: 5353115ed8c0c
Response: Array
(
    [code] => 401
    [message] => Unauthorized
)

Response Body: {"error":"invalid_client","error_description":"Client Authentication failed"}

2022-08-06T04:24:32+00:00 WARNING Could not create token.
2022-08-06T04:24:33+00:00 DEBUG POST https://api.paypal.com/v1/oauth2/token?grant_type=client_credentials
Response Debug ID: 7dc534a09eaa6
Response: Array
(
    [code] => 401
    [message] => Unauthorized
)

Response Body: {"error":"invalid_client","error_description":"Client Authentication failed"}

2022-08-06T04:24:33+00:00 WARNING Could not create token.
2022-08-06T04:24:34+00:00 DEBUG POST https://api.paypal.com/v1/oauth2/token?grant_type=client_credentials
Response Debug ID: 66ab9e5f5e38b
Response: Array
(
    [code] => 401
    [message] => Unauthorized
)

Response Body: {"error":"invalid_client","error_description":"Client Authentication failed"}

2022-08-06T04:24:34+00:00 WARNING Could not create token.
